<?xml version="1.0" encoding="UTF-8"?>
<!-- Generated by org.testng.reporters.JUnitXMLReporter -->
<testsuite ignored="2" hostname="MohdGulfam-PC" failures="0" tests="5" name="Test" time="48.569" errors="0" timestamp="2025-07-11T12:45:06 IST">
  <testcase classname="testCases.TC003_LoginDDT" name="verify_loginDDT" time="1.801"/>
  <testcase classname="testCases.TC003_LoginDDT" name="verify_loginDDT" time="10.623"/>
  <testcase classname="testCases.TC003_LoginDDT" name="verify_loginDDT" time="10.632"/>
  <testcase classname="testCases.TC003_LoginDDT" name="verify_loginDDT" time="11.204"/>
  <testcase classname="testCases.TC003_LoginDDT" name="verify_loginDDT" time="10.691"/>
  <testcase classname="testCases.TC001_AccountRegistrationTest" name="verify_account_registraion" time="0.0">
    <ignored/>
  </testcase> <!-- verify_account_registraion -->
  <testcase classname="testCases.TC002_LoginTest" name="verify_login" time="0.0">
    <ignored/>
  </testcase> <!-- verify_login -->
</testsuite> <!-- Test -->
